app/build/outputs/logs/manifest-merger-release-report.txt
-- Merging decision tree log ---
manifest
ADDED from src/main/AndroidManifest.xml:2:1-167:12
INJECTED from src/main/AndroidManifest.xml:2:1-167:12
INJECTED from src/main/AndroidManifest.xml:2:1-167:12
INJECTED from src/main/AndroidManifest.xml:2:1-167:12
MERGED from [com.google.firebase:firebase-messaging:17.3.4] AndroidManifest.xml:17:1-37:12
MERGED from [com.firebaseui:firebase-ui-storage:0.6.0] AndroidManifest.xml:2:1-11:12
MERGED from [com.google.firebase:firebase-storage:16.0.5] AndroidManifest.xml:15:1-26:12
MERGED from [com.google.firebase:firebase-auth:16.1.0] AndroidManifest.xml:17:1-42:12
MERGED from [com.google.firebase:firebase-core:16.0.6] AndroidManifest.xml:2:1-9:12
MERGED from [com.google.firebase:firebase-database:16.0.5] AndroidManifest.xml:15:1-25:12
MERGED from [com.google.firebase:firebase-perf:16.2.3] AndroidManifest.xml:17:1-41:12
MERGED from [com.airbnb.android:lottie:2.5.0-beta3] AndroidManifest.xml:2:1-14:12
MERGED from [com.github.arimorty:floatingsearchview:2.1.1] AndroidManifest.xml:2:1-14:12
MERGED from [com.facebook.android:facebook-login:4.39.0] AndroidManifest.xml:21:1-31:12
MERGED from [com.facebook.android:facebook-common:4.39.0] AndroidManifest.xml:21:1-37:12
MERGED from [com.android.support:cardview-v7:27.0.2] AndroidManifest.xml:17:1-22:12
MERGED from [com.facebook.fresco:fresco:1.3.0] AndroidManifest.xml:2:1-9:12
MERGED from [me.relex:photodraweeview:1.1.3] AndroidManifest.xml:2:1-10:12
MERGED from [com.firebase:geofire-android:2.2.0] AndroidManifest.xml:1:1-5:12
MERGED from [com.google.android.gms:play-services-location:16.0.0] AndroidManifest.xml:2:1-9:12
MERGED from [me.everything:overscroll-decor-android:1.0.4] AndroidManifest.xml:2:1-12:12
MERGED from [com.android.support:design:26.1.0] AndroidManifest.xml:17:1-31:12
MERGED from [com.android.support:appcompat-v7:27.0.2] AndroidManifest.xml:17:1-22:12
MERGED from [com.android.support:multidex:1.0.3] AndroidManifest.xml:17:1-22:12
MERGED from [com.android.support.constraint:constraint-layout:1.0.2] AndroidManifest.xml:2:1-11:12
MERGED from [com.android.support:palette-v7:23.4.0] AndroidManifest.xml:17:1-25:12
MERGED from [com.bartoszlipinski:viewpropertyobjectanimator:1.2.0] AndroidManifest.xml:2:1-11:12
MERGED from [com.google.firebase:firebase-ml-vision:18.0.2] AndroidManifest.xml:2:1-8:12
MERGED from [com.google.firebase:firebase-ml-vision-image-label-model:17.0.2] AndroidManifest.xml:2:1-9:12
MERGED from [com.google.android.gms:play-services-vision:17.0.2] AndroidManifest.xml:2:1-9:12
MERGED from [com.google.android.gms:play-services-vision-image-label:17.0.2] AndroidManifest.xml:2:1-9:12
MERGED from [com.google.android.gms:play-services-vision-common:17.0.2] AndroidManifest.xml:2:1-9:12
MERGED from [com.google.android.gms:play-services-flags:16.0.1] AndroidManifest.xml:17:1-22:12
MERGED from [com.google.firebase:firebase-auth-interop:16.0.1] AndroidManifest.xml:2:1-10:12
MERGED from [com.google.firebase:firebase-ml-common:16.1.6] AndroidManifest.xml:2:1-8:12
MERGED from [com.google.android.gms:play-services-clearcut:16.0.0] AndroidManifest.xml:17:1-24:12
MERGED from [com.google.firebase:firebase-config:16.1.2] AndroidManifest.xml:17:1-24:12
MERGED from [com.google.android.gms:play-services-phenotype:16.0.0] AndroidManifest.xml:17:1-24:12
MERGED from [com.google.android.gms:play-services-auth-base:16.0.0] AndroidManifest.xml:2:1-7:12
MERGED from [com.google.firebase:firebase-measurement-connector-impl:17.0.4] AndroidManifest.xml:17:1-34:12
MERGED from [com.google.firebase:firebase-analytics:16.0.6] AndroidManifest.xml:17:1-55:12
MERGED from [com.google.android.gms:play-services-measurement-api:16.0.4] AndroidManifest.xml:17:1-25:12
MERGED from [com.google.firebase:firebase-abt:16.0.1] AndroidManifest.xml:2:1-7:12
MERGED from [com.google.firebase:firebase-analytics-impl:16.2.4] AndroidManifest.xml:17:1-40:12
MERGED from [com.google.firebase:firebase-iid:17.0.4] AndroidManifest.xml:17:1-59:12
MERGED from [com.google.firebase:firebase-iid-interop:16.0.1] AndroidManifest.xml:2:1-10:12
MERGED from [com.google.android.gms:play-services-base:16.0.1] AndroidManifest.xml:17:1-29:12
MERGED from [com.google.firebase:firebase-common:16.0.4] AndroidManifest.xml:2:1-17:12
MERGED from [com.google.android.gms:play-services-tasks:16.0.1] AndroidManifest.xml:2:1-9:12
MERGED from [com.google.android.gms:play-services-places-placereport:16.0.0] AndroidManifest.xml:17:1-24:12
MERGED from [com.google.android.gms:play-services-measurement-base:16.0.5] AndroidManifest.xml:2:1-9:12
MERGED from [com.google.android.gms:play-services-stats:16.0.1] AndroidManifest.xml:2:1-9:12
MERGED from [com.google.firebase:firebase-measurement-connector:17.0.1] AndroidManifest.xml:17:1-25:12
MERGED from [com.google.android.gms:play-services-ads-identifier:16.0.0] AndroidManifest.xml:17:1-24:12
MERGED from [com.google.android.gms:play-services-basement:16.1.0] AndroidManifest.xml:17:1-28:12
MERGED from [com.android.support:transition:26.1.0] AndroidManifest.xml:17:1-28:12
MERGED from [com.android.support:support-v4:27.0.2] AndroidManifest.xml:17:1-22:12
MERGED from [com.google.firebase:firebase-database-collection:16.0.1] AndroidManifest.xml:2:1-7:12
MERGED from [com.facebook.android:facebook-core:4.39.0] AndroidManifest.xml:21:1-53:12
MERGED from [com.android.support:customtabs:27.0.2] AndroidManifest.xml:17:1-22:12
MERGED from [com.android.support:animated-vector-drawable:27.0.2] AndroidManifest.xml:17:1-22:12
MERGED from [com.android.support:support-vector-drawable:27.0.2] AndroidManifest.xml:17:1-22:12
MERGED from [com.android.support:recyclerview-v7:26.1.0] AndroidManifest.xml:17:1-28:12
MERGED from [com.android.support:support-fragment:27.0.2] AndroidManifest.xml:17:1-22:12
MERGED from [com.android.support:support-core-utils:27.0.2] AndroidManifest.xml:17:1-22:12
MERGED from [com.android.support:support-core-ui:27.0.2] AndroidManifest.xml:17:1-22:12
MERGED from [com.android.support:support-media-compat:27.0.2] AndroidManifest.xml:17:1-22:12
MERGED from [com.android.support:support-compat:27.0.2] AndroidManifest.xml:17:1-22:12
MERGED from [com.facebook.fresco:drawee:1.3.0] AndroidManifest.xml:2:1-9:12
MERGED from [com.facebook.fresco:imagepipeline:1.3.0] AndroidManifest.xml:2:1-9:12
MERGED from [com.facebook.fresco:imagepipeline-base:1.3.0] AndroidManifest.xml:2:1-9:12
MERGED from [com.facebook.fresco:fbcore:1.3.0] AndroidManifest.xml:2:1-9:12
MERGED from [androidx.exifinterface:exifinterface:1.0.0] AndroidManifest.xml:17:1-22:12
MERGED from [android.arch.lifecycle:runtime:1.0.3] AndroidManifest.xml:17:1-24:12
INJECTED from src/main/AndroidManifest.xml:2:1-167:12
INJECTED from src/main/AndroidManifest.xml:2:1-167:12
INJECTED from src/main/AndroidManifest.xml:2:1-167:12
	package
		ADDED from src/main/AndroidManifest.xml:4:5-41
		INJECTED from src/main/AndroidManifest.xml
		INJECTED from src/main/AndroidManifest.xml
	xmlns:app
		ADDED from src/main/AndroidManifest.xml:3:5-56
	android:versionName
		INJECTED from src/main/AndroidManifest.xml
		ADDED from src/main/AndroidManifest.xml:2:1-167:12
		INJECTED from src/main/AndroidManifest.xml
	android:versionCode
		INJECTED from src/main/AndroidManifest.xml
		ADDED from src/main/AndroidManifest.xml:2:1-167:12
		INJECTED from src/main/AndroidManifest.xml
	xmlns:android
		ADDED from src/main/AndroidManifest.xml:2:11-69
uses-feature#android.hardware.camera
ADDED from src/main/AndroidManifest.xml:6:5-8:35
	android:required
		ADDED from src/main/AndroidManifest.xml:8:9-32
	android:name
		ADDED from src/main/AndroidManifest.xml:7:9-47
uses-permission#android.permission.GET_ACCOUNTS
ADDED from src/main/AndroidManifest.xml:11:5-71
	android:name
		ADDED from src/main/AndroidManifest.xml:11:22-68
uses-permission#android.permission.READ_PROFILE
ADDED from src/main/AndroidManifest.xml:12:5-71
	android:name
		ADDED from src/main/AndroidManifest.xml:12:22-68
uses-permission#android.permission.READ_CONTACTS
ADDED from src/main/AndroidManifest.xml:13:5-72
	android:name
		ADDED from src/main/AndroidManifest.xml:13:22-69
uses-permission#android.permission.READ_EXTERNAL_STORAGE
ADDED from src/main/AndroidManifest.xml:14:5-80
	android:name
		ADDED from src/main/AndroidManifest.xml:14:22-77
uses-permission#android.permission.INTERNET
ADDED from src/main/AndroidManifest.xml:15:5-66
MERGED from [com.google.firebase:firebase-storage:16.0.5] AndroidManifest.xml:24:5-67
MERGED from [com.google.firebase:firebase-storage:16.0.5] AndroidManifest.xml:24:5-67
MERGED from [com.google.firebase:firebase-database:16.0.5] AndroidManifest.xml:23:5-67
MERGED from [com.google.firebase:firebase-database:16.0.5] AndroidManifest.xml:23:5-67
MERGED from [com.google.firebase:firebase-perf:16.2.3] AndroidManifest.xml:22:5-67
MERGED from [com.google.firebase:firebase-perf:16.2.3] AndroidManifest.xml:22:5-67
MERGED from [com.firebase:geofire-android:2.2.0] AndroidManifest.xml:4:3-64
MERGED from [com.firebase:geofire-android:2.2.0] AndroidManifest.xml:4:3-64
MERGED from [com.google.firebase:firebase-measurement-connector-impl:17.0.4] AndroidManifest.xml:22:5-67
MERGED from [com.google.firebase:firebase-measurement-connector-impl:17.0.4] AndroidManifest.xml:22:5-67
MERGED from [com.google.firebase:firebase-analytics:16.0.6] AndroidManifest.xml:23:5-67
MERGED from [com.google.firebase:firebase-analytics:16.0.6] AndroidManifest.xml:23:5-67
MERGED from [com.google.firebase:firebase-analytics-impl:16.2.4] AndroidManifest.xml:23:5-67
MERGED from [com.google.firebase:firebase-analytics-impl:16.2.4] AndroidManifest.xml:23:5-67
MERGED from [com.google.firebase:firebase-iid:17.0.4] AndroidManifest.xml:23:5-67
MERGED from [com.google.firebase:firebase-iid:17.0.4] AndroidManifest.xml:23:5-67
	android:name
		ADDED from src/main/AndroidManifest.xml:15:22-64
uses-permission#android.permission.ACCESS_FINE_LOCATION
ADDED from src/main/AndroidManifest.xml:16:5-79
	android:name
		ADDED from src/main/AndroidManifest.xml:16:22-76
application
ADDED from src/main/AndroidManifest.xml:18:5-165:19
MERGED from [com.google.firebase:firebase-messaging:17.3.4] AndroidManifest.xml:22:5-35:19
MERGED from [com.google.firebase:firebase-messaging:17.3.4] AndroidManifest.xml:22:5-35:19
MERGED from [com.google.firebase:firebase-auth:16.1.0] AndroidManifest.xml:23:5-40:19
MERGED from [com.google.firebase:firebase-auth:16.1.0] AndroidManifest.xml:23:5-40:19
MERGED from [com.google.firebase:firebase-core:16.0.6] AndroidManifest.xml:7:5-20
MERGED from [com.google.firebase:firebase-core:16.0.6] AndroidManifest.xml:7:5-20
MERGED from [com.google.firebase:firebase-perf:16.2.3] AndroidManifest.xml:27:5-39:19
MERGED from [com.google.firebase:firebase-perf:16.2.3] AndroidManifest.xml:27:5-39:19
MERGED from [com.airbnb.android:lottie:2.5.0-beta3] AndroidManifest.xml:12:5-20
MERGED from [com.airbnb.android:lottie:2.5.0-beta3] AndroidManifest.xml:12:5-20
MERGED from [com.github.arimorty:floatingsearchview:2.1.1] AndroidManifest.xml:12:5-20
MERGED from [com.github.arimorty:floatingsearchview:2.1.1] AndroidManifest.xml:12:5-20
MERGED from [com.facebook.android:facebook-login:4.39.0] AndroidManifest.xml:28:5-29:19
MERGED from [com.facebook.android:facebook-login:4.39.0] AndroidManifest.xml:28:5-29:19
MERGED from [com.facebook.android:facebook-common:4.39.0] AndroidManifest.xml:28:5-35:19
MERGED from [com.facebook.android:facebook-common:4.39.0] AndroidManifest.xml:28:5-35:19
MERGED from [com.google.android.gms:play-services-location:16.0.0] AndroidManifest.xml:7:5-20
MERGED from [com.google.android.gms:play-services-location:16.0.0] AndroidManifest.xml:7:5-20
MERGED from [com.android.support:design:26.1.0] AndroidManifest.xml:25:5-29:19
MERGED from [com.android.support:design:26.1.0] AndroidManifest.xml:25:5-29:19
MERGED from [com.android.support.constraint:constraint-layout:1.0.2] AndroidManifest.xml:9:5-20
MERGED from [com.android.support.constraint:constraint-layout:1.0.2] AndroidManifest.xml:9:5-20
MERGED from [com.android.support:palette-v7:23.4.0] AndroidManifest.xml:22:5-23:19
MERGED from [com.android.support:palette-v7:23.4.0] AndroidManifest.xml:22:5-23:19
MERGED from [com.google.firebase:firebase-ml-vision-image-label-model:17.0.2] AndroidManifest.xml:7:5-20
MERGED from [com.google.firebase:firebase-ml-vision-image-label-model:17.0.2] AndroidManifest.xml:7:5-20
MERGED from [com.google.android.gms:play-services-vision:17.0.2] AndroidManifest.xml:7:5-20
MERGED from [com.google.android.gms:play-services-vision:17.0.2] AndroidManifest.xml:7:5-20
MERGED from [com.google.android.gms:play-services-vision-image-label:17.0.2] AndroidManifest.xml:7:5-20
MERGED from [com.google.android.gms:play-services-vision-image-label:17.0.2] AndroidManifest.xml:7:5-20
MERGED from [com.google.android.gms:play-services-vision-common:17.0.2] AndroidManifest.xml:7:5-20
MERGED from [com.google.android.gms:play-services-vision-common:17.0.2] AndroidManifest.xml:7:5-20
MERGED from [com.google.firebase:firebase-auth-interop:16.0.1] AndroidManifest.xml:7:5-8:19
MERGED from [com.google.firebase:firebase-auth-interop:16.0.1] AndroidManifest.xml:7:5-8:19
MERGED from [com.google.android.gms:play-services-clearcut:16.0.0] AndroidManifest.xml:22:5-20
MERGED from [com.google.android.gms:play-services-clearcut:16.0.0] AndroidManifest.xml:22:5-20
MERGED from [com.google.firebase:firebase-config:16.1.2] AndroidManifest.xml:22:5-20
MERGED from [com.google.firebase:firebase-config:16.1.2] AndroidManifest.xml:22:5-20
MERGED from [com.google.android.gms:play-services-phenotype:16.0.0] AndroidManifest.xml:22:5-20
MERGED from [com.google.android.gms:play-services-phenotype:16.0.0] AndroidManifest.xml:22:5-20
MERGED from [com.google.firebase:firebase-measurement-connector-impl:17.0.4] AndroidManifest.xml:26:5-32:19
MERGED from [com.google.firebase:firebase-measurement-connector-impl:17.0.4] AndroidManifest.xml:26:5-32:19
MERGED from [com.google.firebase:firebase-analytics:16.0.6] AndroidManifest.xml:28:5-53:19
MERGED from [com.google.firebase:firebase-analytics:16.0.6] AndroidManifest.xml:28:5-53:19
MERGED from [com.google.android.gms:play-services-measurement-api:16.0.4] AndroidManifest.xml:22:5-23:19
MERGED from [com.google.android.gms:play-services-measurement-api:16.0.4] AndroidManifest.xml:22:5-23:19
MERGED from [com.google.firebase:firebase-analytics-impl:16.2.4] AndroidManifest.xml:28:5-38:19
MERGED from [com.google.firebase:firebase-analytics-impl:16.2.4] AndroidManifest.xml:28:5-38:19
MERGED from [com.google.firebase:firebase-iid:17.0.4] AndroidManifest.xml:28:5-57:19
MERGED from [com.google.firebase:firebase-iid:17.0.4] AndroidManifest.xml:28:5-57:19
MERGED from [com.google.firebase:firebase-iid-interop:16.0.1] AndroidManifest.xml:7:5-8:19
MERGED from [com.google.firebase:firebase-iid-interop:16.0.1] AndroidManifest.xml:7:5-8:19
MERGED from [com.google.android.gms:play-services-base:16.0.1] AndroidManifest.xml:22:5-27:19
MERGED from [com.google.android.gms:play-services-base:16.0.1] AndroidManifest.xml:22:5-27:19
MERGED from [com.google.firebase:firebase-common:16.0.4] AndroidManifest.xml:9:5-15:19
MERGED from [com.google.firebase:firebase-common:16.0.4] AndroidManifest.xml:9:5-15:19
MERGED from [com.google.android.gms:play-services-tasks:16.0.1] AndroidManifest.xml:7:5-20
MERGED from [com.google.android.gms:play-services-tasks:16.0.1] AndroidManifest.xml:7:5-20
MERGED from [com.google.android.gms:play-services-places-placereport:16.0.0] AndroidManifest.xml:22:5-20
MERGED from [com.google.android.gms:play-services-places-placereport:16.0.0] AndroidManifest.xml:22:5-20
MERGED from [com.google.android.gms:play-services-measurement-base:16.0.5] AndroidManifest.xml:7:5-20
MERGED from [com.google.android.gms:play-services-measurement-base:16.0.5] AndroidManifest.xml:7:5-20
MERGED from [com.google.android.gms:play-services-stats:16.0.1] AndroidManifest.xml:7:5-20
MERGED from [com.google.android.gms:play-services-stats:16.0.1] AndroidManifest.xml:7:5-20
MERGED from [com.google.firebase:firebase-measurement-connector:17.0.1] AndroidManifest.xml:22:5-23:19
MERGED from [com.google.firebase:firebase-measurement-connector:17.0.1] AndroidManifest.xml:22:5-23:19
MERGED from [com.google.android.gms:play-services-ads-identifier:16.0.0] AndroidManifest.xml:22:5-20
MERGED from [com.google.android.gms:play-services-ads-identifier:16.0.0] AndroidManifest.xml:22:5-20
MERGED from [com.google.android.gms:play-services-basement:16.1.0] AndroidManifest.xml:22:5-26:19
MERGED from [com.google.android.gms:play-services-basement:16.1.0] AndroidManifest.xml:22:5-26:19
MERGED from [com.android.support:transition:26.1.0] AndroidManifest.xml:22:5-26:19
MERGED from [com.android.support:transition:26.1.0] AndroidManifest.xml:22:5-26:19
MERGED from [com.facebook.android:facebook-core:4.39.0] AndroidManifest.xml:28:5-51:19
MERGED from [com.facebook.android:facebook-core:4.39.0] AndroidManifest.xml:28:5-51:19
MERGED from [com.android.support:recyclerview-v7:26.1.0] AndroidManifest.xml:22:5-26:19
MERGED from [com.android.support:recyclerview-v7:26.1.0] AndroidManifest.xml:22:5-26:19
	android:supportsRtl
		ADDED from src/main/AndroidManifest.xml:23:9-35
	android:label
		ADDED from src/main/AndroidManifest.xml:21:9-41
	android:roundIcon
		ADDED from src/main/AndroidManifest.xml:22:9-54
	android:icon
		ADDED from src/main/AndroidManifest.xml:20:9-43
	android:allowBackup
		ADDED from src/main/AndroidManifest.xml:19:9-35
	android:theme
		ADDED from src/main/AndroidManifest.xml:24:9-40
service#com.gayelak.gayelakandroid.MyFirebaseMessagingService
ADDED from src/main/AndroidManifest.xml:26:9-34:19
	android:enabled
		ADDED from src/main/AndroidManifest.xml:28:13-35
	android:exported
		ADDED from src/main/AndroidManifest.xml:29:13-36
	android:name
		ADDED from src/main/AndroidManifest.xml:27:13-54
intent-filter#action:name:com.google.firebase.MESSAGING_EVENT
ADDED from src/main/AndroidManifest.xml:31:13-33:29
action#com.google.firebase.MESSAGING_EVENT
ADDED from src/main/AndroidManifest.xml:32:17-77
	android:name
		ADDED from src/main/AndroidManifest.xml:32:25-75
meta-data#com.google.firebase.messaging.default_notification_icon
ADDED from src/main/AndroidManifest.xml:36:9-38:54
	android:resource
		ADDED from src/main/AndroidManifest.xml:38:13-51
	android:name
		ADDED from src/main/AndroidManifest.xml:37:13-83
meta-data#com.google.firebase.messaging.default_notification_color
ADDED from src/main/AndroidManifest.xml:41:9-43:53
	android:resource
		ADDED from src/main/AndroidManifest.xml:43:13-50
	android:name
		ADDED from src/main/AndroidManifest.xml:42:13-84
activity#com.gayelak.gayelakandroid.WelcomeActivity
ADDED from src/main/AndroidManifest.xml:45:9-52:20
	android:theme
		ADDED from src/main/AndroidManifest.xml:47:13-56
	android:name
		ADDED from src/main/AndroidManifest.xml:46:13-44
intent-filter#action:name:android.intent.action.MAIN+category:name:android.intent.category.LAUNCHER
ADDED from src/main/AndroidManifest.xml:48:13-51:29
action#android.intent.action.MAIN
ADDED from src/main/AndroidManifest.xml:49:17-69
	android:name
		ADDED from src/main/AndroidManifest.xml:49:25-66
category#android.intent.category.LAUNCHER
ADDED from src/main/AndroidManifest.xml:50:17-77
	android:name
		ADDED from src/main/AndroidManifest.xml:50:27-74
meta-data#preloaded_fonts
ADDED from src/main/AndroidManifest.xml:54:9-56:57
	android:resource
		ADDED from src/main/AndroidManifest.xml:56:13-54
	android:name
		ADDED from src/main/AndroidManifest.xml:55:13-43
activity#com.gayelak.gayelakandroid.RegisterActivity
ADDED from src/main/AndroidManifest.xml:58:9-61:58
	android:label
		ADDED from src/main/AndroidManifest.xml:60:13-60
	android:theme
		ADDED from src/main/AndroidManifest.xml:61:13-55
	android:name
		ADDED from src/main/AndroidManifest.xml:59:13-45
activity#com.gayelak.gayelakandroid.LoginActivity
ADDED from src/main/AndroidManifest.xml:62:9-64:58
	android:theme
		ADDED from src/main/AndroidManifest.xml:64:13-55
	android:name
		ADDED from src/main/AndroidManifest.xml:63:13-42
activity#com.gayelak.gayelakandroid.ForgotPasswordActivity
ADDED from src/main/AndroidManifest.xml:65:9-67:47
	android:label
		ADDED from src/main/AndroidManifest.xml:67:13-44
	android:name
		ADDED from src/main/AndroidManifest.xml:66:13-51
activity#com.gayelak.gayelakandroid.BrowsingActivity
ADDED from src/main/AndroidManifest.xml:68:9-81:20
	android:label
		ADDED from src/main/AndroidManifest.xml:70:13-33
	android:theme
		ADDED from src/main/AndroidManifest.xml:71:13-56
	android:name
		ADDED from src/main/AndroidManifest.xml:69:13-45
intent-filter#action:name:android.intent.action.SEARCH+action:name:com.google.firebase.INSTANCE_ID_EVENT
ADDED from src/main/AndroidManifest.xml:73:13-76:29
action#android.intent.action.SEARCH
ADDED from src/main/AndroidManifest.xml:74:17-71
	android:name
		ADDED from src/main/AndroidManifest.xml:74:25-68
action#com.google.firebase.INSTANCE_ID_EVENT
ADDED from src/main/AndroidManifest.xml:75:17-79
	android:name
		ADDED from src/main/AndroidManifest.xml:75:25-77
meta-data#android.app.searchable
ADDED from src/main/AndroidManifest.xml:78:13-80:54
	android:resource
		ADDED from src/main/AndroidManifest.xml:80:17-51
	android:name
		ADDED from src/main/AndroidManifest.xml:79:17-54
activity#com.gayelak.gayelakandroid.ProfileActivity
ADDED from src/main/AndroidManifest.xml:82:9-85:65
	android:label
		ADDED from src/main/AndroidManifest.xml:84:13-40
	android:theme
		ADDED from src/main/AndroidManifest.xml:85:13-62
	android:name
		ADDED from src/main/AndroidManifest.xml:83:13-44
activity#com.gayelak.gayelakandroid.ProfileSettingsActivity
ADDED from src/main/AndroidManifest.xml:86:9-88:50
	android:label
		ADDED from src/main/AndroidManifest.xml:88:13-38
	android:name
		ADDED from src/main/AndroidManifest.xml:87:13-52
activity#com.gayelak.gayelakandroid.BlockedUsersActivity
ADDED from src/main/AndroidManifest.xml:89:9-92:20
	android:label
		ADDED from src/main/AndroidManifest.xml:90:13-44
	android:name
		ADDED from src/main/AndroidManifest.xml:89:19-55
activity#com.gayelak.gayelakandroid.ProfileSettingsChangeEmail
ADDED from src/main/AndroidManifest.xml:93:9-95:25
	android:label
		ADDED from src/main/AndroidManifest.xml:94:13-51
	android:name
		ADDED from src/main/AndroidManifest.xml:93:19-61
activity#com.gayelak.gayelakandroid.ProfileSettingsChangeUserName
ADDED from src/main/AndroidManifest.xml:96:9-99:20
	android:label
		ADDED from src/main/AndroidManifest.xml:97:13-46
	android:name
		ADDED from src/main/AndroidManifest.xml:96:19-64
activity#com.gayelak.gayelakandroid.ChangePasswordActivity
ADDED from src/main/AndroidManifest.xml:100:9-103:20
	android:label
		ADDED from src/main/AndroidManifest.xml:101:13-43
	android:name
		ADDED from src/main/AndroidManifest.xml:100:19-57
activity#com.gayelak.gayelakandroid.CategoriesActivity
ADDED from src/main/AndroidManifest.xml:104:9-107:25
	android:label
		ADDED from src/main/AndroidManifest.xml:105:13-44
	android:name
		ADDED from src/main/AndroidManifest.xml:104:19-53
activity#com.gayelak.gayelakandroid.NotificationsActivity
ADDED from src/main/AndroidManifest.xml:108:9-110:50
	android:label
		ADDED from src/main/AndroidManifest.xml:110:13-38
	android:name
		ADDED from src/main/AndroidManifest.xml:109:13-50
activity#com.gayelak.gayelakandroid.BrowsingItemActivity
ADDED from src/main/AndroidManifest.xml:111:9-113:65
	android:theme
		ADDED from src/main/AndroidManifest.xml:113:13-62
	android:name
		ADDED from src/main/AndroidManifest.xml:112:13-49
activity#com.gayelak.gayelakandroid.BrowsingItemFullImageActivity
ADDED from src/main/AndroidManifest.xml:114:9-116:65
	android:theme
		ADDED from src/main/AndroidManifest.xml:116:13-62
	android:name
		ADDED from src/main/AndroidManifest.xml:115:13-58
activity#com.gayelak.gayelakandroid.BrowsingSettingsActivity
ADDED from src/main/AndroidManifest.xml:117:9-120:25
	android:label
		ADDED from src/main/AndroidManifest.xml:118:19-49
	android:theme
		ADDED from src/main/AndroidManifest.xml:119:19-75
	android:name
		ADDED from src/main/AndroidManifest.xml:117:19-59
activity#com.gayelak.gayelakandroid.ReportUserActivity
ADDED from src/main/AndroidManifest.xml:121:9-124:20
	android:label
		ADDED from src/main/AndroidManifest.xml:122:13-46
	android:name
		ADDED from src/main/AndroidManifest.xml:121:19-53
activity#com.gayelak.gayelakandroid.MessagesActivity
ADDED from src/main/AndroidManifest.xml:125:9-127:25
	android:label
		ADDED from src/main/AndroidManifest.xml:126:13-36
	android:name
		ADDED from src/main/AndroidManifest.xml:125:19-51
activity#com.gayelak.gayelakandroid.MakePhotoActivity
ADDED from src/main/AndroidManifest.xml:128:9-130:74
	android:theme
		ADDED from src/main/AndroidManifest.xml:130:13-62
	android:name
		ADDED from src/main/AndroidManifest.xml:129:13-46
activity#com.gayelak.gayelakandroid.PostItemActivity
ADDED from src/main/AndroidManifest.xml:131:9-133:64
	android:theme
		ADDED from src/main/AndroidManifest.xml:133:13-52
	android:name
		ADDED from src/main/AndroidManifest.xml:132:13-45
activity#com.gayelak.gayelakandroid.ChatActivity
ADDED from src/main/AndroidManifest.xml:134:9-139:20
	android:windowSoftInputMode
		ADDED from src/main/AndroidManifest.xml:136:13-68
	android:theme
		ADDED from src/main/AndroidManifest.xml:135:13-59
	android:name
		ADDED from src/main/AndroidManifest.xml:134:19-47
meta-data#com.facebook.sdk.ApplicationId
ADDED from src/main/AndroidManifest.xml:141:9-142:54
	android:value
		ADDED from src/main/AndroidManifest.xml:142:13-52
	android:name
		ADDED from src/main/AndroidManifest.xml:141:20-65
activity#com.facebook.FacebookActivity
ADDED from src/main/AndroidManifest.xml:144:9-147:48
MERGED from [com.facebook.android:facebook-common:4.39.0] AndroidManifest.xml:29:9-32:66
MERGED from [com.facebook.android:facebook-common:4.39.0] AndroidManifest.xml:29:9-32:66
	android:label
		ADDED from src/main/AndroidManifest.xml:147:13-45
	android:configChanges
		ADDED from src/main/AndroidManifest.xml:145:13-113
	android:theme
		ADDED from [com.facebook.android:facebook-common:4.39.0] AndroidManifest.xml:32:13-63
	android:name
		ADDED from src/main/AndroidManifest.xml:144:19-63
activity#com.facebook.CustomTabActivity
ADDED from src/main/AndroidManifest.xml:148:9-157:20
MERGED from [com.facebook.android:facebook-common:4.39.0] AndroidManifest.xml:34:9-67
MERGED from [com.facebook.android:facebook-common:4.39.0] AndroidManifest.xml:34:9-67
	android:exported
		ADDED from src/main/AndroidManifest.xml:150:13-36
	android:name
		ADDED from src/main/AndroidManifest.xml:149:13-58
intent-filter#action:name:android.intent.action.VIEW+category:name:android.intent.category.BROWSABLE+category:name:android.intent.category.DEFAULT+data:scheme:@string/fb_login_protocol_scheme
ADDED from src/main/AndroidManifest.xml:151:13-156:29
action#android.intent.action.VIEW
ADDED from src/main/AndroidManifest.xml:152:17-69
	android:name
		ADDED from src/main/AndroidManifest.xml:152:25-66
category#android.intent.category.DEFAULT
ADDED from src/main/AndroidManifest.xml:153:17-76
	android:name
		ADDED from src/main/AndroidManifest.xml:153:27-73
category#android.intent.category.BROWSABLE
ADDED from src/main/AndroidManifest.xml:154:17-78
	android:name
		ADDED from src/main/AndroidManifest.xml:154:27-75
data
ADDED from src/main/AndroidManifest.xml:155:17-75
	android:scheme
		ADDED from src/main/AndroidManifest.xml:155:23-72
meta-data#com.google.firebase.ml.vision.DEPENDENCIES
ADDED from src/main/AndroidManifest.xml:159:9-161:37
	android:value
		ADDED from src/main/AndroidManifest.xml:161:13-34
	android:name
		ADDED from src/main/AndroidManifest.xml:160:13-70
uses-sdk
INJECTED from src/main/AndroidManifest.xml reason: use-sdk injection requested
INJECTED from src/main/AndroidManifest.xml
INJECTED from src/main/AndroidManifest.xml
MERGED from [com.google.firebase:firebase-messaging:17.3.4] AndroidManifest.xml:20:5-44
MERGED from [com.google.firebase:firebase-messaging:17.3.4] AndroidManifest.xml:20:5-44
MERGED from [com.firebaseui:firebase-ui-storage:0.6.0] AndroidManifest.xml:7:5-9:41
MERGED from [com.firebaseui:firebase-ui-storage:0.6.0] AndroidManifest.xml:7:5-9:41
MERGED from [com.google.firebase:firebase-storage:16.0.5] AndroidManifest.xml:19:5-21:41
MERGED from [com.google.firebase:firebase-storage:16.0.5] AndroidManifest.xml:19:5-21:41
MERGED from [com.google.firebase:firebase-auth:16.1.0] AndroidManifest.xml:21:5-44
MERGED from [com.google.firebase:firebase-auth:16.1.0] AndroidManifest.xml:21:5-44
MERGED from [com.google.firebase:firebase-core:16.0.6] AndroidManifest.xml:5:5-44
MERGED from [com.google.firebase:firebase-core:16.0.6] AndroidManifest.xml:5:5-44
MERGED from [com.google.firebase:firebase-database:16.0.5] AndroidManifest.xml:18:5-20:41
MERGED from [com.google.firebase:firebase-database:16.0.5] AndroidManifest.xml:18:5-20:41
MERGED from [com.google.firebase:firebase-perf:16.2.3] AndroidManifest.xml:20:5-44
MERGED from [com.google.firebase:firebase-perf:16.2.3] AndroidManifest.xml:20:5-44
MERGED from [com.airbnb.android:lottie:2.5.0-beta3] AndroidManifest.xml:8:5-10:41
MERGED from [com.airbnb.android:lottie:2.5.0-beta3] AndroidManifest.xml:8:5-10:41
MERGED from [com.github.arimorty:floatingsearchview:2.1.1] AndroidManifest.xml:8:5-10:41
MERGED from [com.github.arimorty:floatingsearchview:2.1.1] AndroidManifest.xml:8:5-10:41
MERGED from [com.facebook.android:facebook-login:4.39.0] AndroidManifest.xml:24:5-26:41
MERGED from [com.facebook.android:facebook-login:4.39.0] AndroidManifest.xml:24:5-26:41
MERGED from [com.facebook.android:facebook-common:4.39.0] AndroidManifest.xml:24:5-26:41
MERGED from [com.facebook.android:facebook-common:4.39.0] AndroidManifest.xml:24:5-26:41
MERGED from [com.android.support:cardview-v7:27.0.2] AndroidManifest.xml:20:5-44
MERGED from [com.android.support:cardview-v7:27.0.2] AndroidManifest.xml:20:5-44
MERGED from [com.facebook.fresco:fresco:1.3.0] AndroidManifest.xml:5:5-7:41
MERGED from [com.facebook.fresco:fresco:1.3.0] AndroidManifest.xml:5:5-7:41